\BOOKMARK [0][-]{chapter.1}{Premessa}{}% 1
\BOOKMARK [0][-]{chapter.2}{Elementi di acustica}{}% 2
\BOOKMARK [1][-]{section.2.1}{Introduzione}{chapter.2}% 3
\BOOKMARK [1][-]{section.2.2}{Grandezze fondamentali}{chapter.2}% 4
\BOOKMARK [2][-]{subsection.2.2.1}{Frequenza e Periodo}{section.2.2}% 5
\BOOKMARK [2][-]{subsection.2.2.2}{Velocit\340 di propagazione e lunghezza d'onda}{section.2.2}% 6
\BOOKMARK [1][-]{section.2.3}{Onde acustiche}{chapter.2}% 7
\BOOKMARK [2][-]{subsection.2.3.1}{La scala dei deciBel}{section.2.3}% 8
\BOOKMARK [2][-]{subsection.2.3.2}{Livello di pressione}{section.2.3}% 9
\BOOKMARK [2][-]{subsection.2.3.3}{Livello equivalente}{section.2.3}% 10
\BOOKMARK [1][-]{section.2.4}{Sistema uditivo umano}{chapter.2}% 11
\BOOKMARK [2][-]{subsection.2.4.1}{Effetti di non linearit\340 dell'orecchio umano}{section.2.4}% 12
\BOOKMARK [2][-]{subsection.2.4.2}{Bande frequenziali }{section.2.4}% 13
\BOOKMARK [2][-]{subsection.2.4.3}{Filtri di ponderazione}{section.2.4}% 14
\BOOKMARK [0][-]{chapter.3}{Array microfonici }{}% 15
\BOOKMARK [1][-]{section.3.1}{Array sferico: Eigenmike\222EM32}{chapter.3}% 16
\BOOKMARK [2][-]{subsection.3.1.1}{Composizione del sistema}{section.3.1}% 17
\BOOKMARK [2][-]{subsection.3.1.2}{Limiti intrinseci teorici del sistema}{section.3.1}% 18
\BOOKMARK [1][-]{section.3.2}{Altri array}{chapter.3}% 19
\BOOKMARK [2][-]{subsection.3.2.1}{Array lineari}{section.3.2}% 20
\BOOKMARK [2][-]{subsection.3.2.2}{Array planari}{section.3.2}% 21
\BOOKMARK [2][-]{subsection.3.2.3}{Array cilindrici}{section.3.2}% 22
\BOOKMARK [0][-]{chapter.4}{Sintesi di microfoni virtuali}{}% 23
\BOOKMARK [1][-]{section.4.1}{Sistema di Elaborazione}{chapter.4}% 24
\BOOKMARK [2][-]{subsection.4.1.1}{Approccio innovativo di inversione numerica}{section.4.1}% 25
\BOOKMARK [0][-]{chapter.5}{Ambiente di sviluppo: l'host Audacity\256}{}% 26
\BOOKMARK [1][-]{section.5.1}{Libreria per la costruzione di interfacce grafiche wxWidgets}{chapter.5}% 27
\BOOKMARK [1][-]{section.5.2}{Altre librerie}{chapter.5}% 28
\BOOKMARK [1][-]{section.5.3}{Libreria di codifica audio e video: FFmpeg}{chapter.5}% 29
\BOOKMARK [0][-]{chapter.6}{Descrizione plug-in: un manuale d'uso}{}% 30
\BOOKMARK [1][-]{section.6.1}{Selezione dell'intervallo temporale da analizzare}{chapter.6}% 31
\BOOKMARK [1][-]{section.6.2}{Finestra di configurazione}{chapter.6}% 32
\BOOKMARK [1][-]{section.6.3}{Interfaccia principale}{chapter.6}% 33
\BOOKMARK [0][-]{chapter.7}{Dettagli di Implementazione}{}% 34
\BOOKMARK [1][-]{section.7.1}{Acquisizione dei dati in ingresso}{chapter.7}% 35
\BOOKMARK [1][-]{section.7.2}{Organizzazione del carico computazionale}{chapter.7}% 36
\BOOKMARK [1][-]{section.7.3}{Finestratura dei dati di ogni frame audio}{chapter.7}% 37
\BOOKMARK [1][-]{section.7.4}{Mirroring dei microfoni virtuali}{chapter.7}% 38
\BOOKMARK [1][-]{section.7.5}{Meshing della superficie mediante l'operazione di triangolazione di Delaunay}{chapter.7}% 39
\BOOKMARK [1][-]{section.7.6}{Filtraggio in bande d'ottava}{chapter.7}% 40
\BOOKMARK [1][-]{section.7.7}{Applicazione del livello di fondo scala}{chapter.7}% 41
\BOOKMARK [1][-]{section.7.8}{Interpolazione dei valori acquisiti}{chapter.7}% 42
\BOOKMARK [1][-]{section.7.9}{Mappatura colormap e auto-scale}{chapter.7}% 43
\BOOKMARK [1][-]{section.7.10}{Sincronizzazione audio-video}{chapter.7}% 44
\BOOKMARK [1][-]{section.7.11}{Esportazione dei risultati}{chapter.7}% 45
\BOOKMARK [0][-]{chapter.8}{Conclusioni}{}% 46
\BOOKMARK [0][-]{appendix.A}{Richiami teorici}{}% 47
\BOOKMARK [1][-]{section.A.1}{Propagazione di onde sonore}{appendix.A}% 48
\BOOKMARK [1][-]{section.A.2}{Intensit\340, densit\340 di energia e potenza}{appendix.A}% 49
\BOOKMARK [1][-]{section.A.3}{Livelli sonori}{appendix.A}% 50
\BOOKMARK [1][-]{section.A.4}{Curve di ponderazione}{appendix.A}% 51
\BOOKMARK [1][-]{section.A.5}{Trasformata di Fourier}{appendix.A}% 52
